[mailchi.mp/26ffb0a0fe6d/epiphanygames.html]
[chimpstatic.com/mcjs-connected/js/users/69bfc70eb8c53c80b055d8dd1/7cf60f17cee9396e1bb1338fc.js]
[backblue.gif]
[fade.gif]
[index.html]
[mcusercontent.com/69bfc70eb8c53c80b055d8dd1/images/14ba966c-2578-4542-9565-e93832a6fe82.jpg]
[mcusercontent.com/69bfc70eb8c53c80b055d8dd1/images/88e8d85e-d8bd-483e-a0c8-d59857f6d2f5.jpg]
[eep.io/mc-release/1.1.13c5e4092c37528d180aa45527834b45e48af9387/css/signup-forms/pages/common.css]
[mcusercontent.com/69bfc70eb8c53c80b055d8dd1/images/ba2d46ee-1cd0-4d49-9ac4-0ce652fe3486.jpg]
[mcusercontent.com/69bfc70eb8c53c80b055d8dd1/images/cb3e8f91-e5cd-46f1-a566-b49f67372bb8.jpg]
[mcusercontent.com/69bfc70eb8c53c80b055d8dd1/images/721797aa-0e1d-4614-b883-107471ba2634.jpg]
[mcusercontent.com/69bfc70eb8c53c80b055d8dd1/images/594bba72-5697-4b1e-b419-7aa1b01102d9.png]
[mcusercontent.com/69bfc70eb8c53c80b055d8dd1/images/06c7ab66-43c3-4ca2-95f7-47dcb486f742.png]
[mcusercontent.com/69bfc70eb8c53c80b055d8dd1/images/5b36c2f2-3db6-486a-993c-4c90389d56f4.png]
[mcusercontent.com/69bfc70eb8c53c80b055d8dd1/images/ea2afd22-46b8-46f3-b9c8-52832cd40697.png]
[eep.io/mc-cdn-images/icons/social-block-v2/light-linkedin-48.png]
[eep.io/mc-cdn-images/icons/social-block-v2/light-twitter-48.png]
[eep.io/mc-cdn-images/icons/social-block-v2/light-facebook-48.png]
[eep.io/mc-cdn-images/icons/social-block-v2/light-instagram-48.png]
[eep.io/mc-cdn-images/icons/social-block-v2/light-youtube-48.png]
[eep.io/mc-cdn-images/icons/social-block-v2/light-link-48.png]
[eep.io/mc-release/1.1.13c5e4092c37528d180aa45527834b45e48af9387/js-legacy/js/dojo/dojo.js]
[mailchi.mp/26ffb0a0fe6d/epiphanygames.html]
[eep.io/mc-release/1.1.13c5e4092c37528d180aa45527834b45e48af9387/js-legacy/js/mojo/mclandingpage.js]
[eep.io/mc-release/1.1.13c5e4092c37528d180aa45527834b45e48af9387/images/icons/signup-sprite.png]
[eep.io/mc-release/1.1.13c5e4092c37528d180aa45527834b45e48af9387/css/signup-forms/pages/common.css]
[cdn-images.mailchimp.com/favicons/apple-touch-icon.png]
[cdn-images.mailchimp.com/favicons/touch-icon-192.png]
[cdn-images.mailchimp.com/error-pages/art-hero-404.png]
[mailchi.mp/26ffb0a0fe6d/_https_/mcusercontent.com/69bfc70eb8c53c80b055d8dd1/images/14ba966c-2578-4542-9565-e93832a6fe82.html]
[mailchi.mp/26ffb0a0fe6d/_https_/mcusercontent.com/69bfc70eb8c53c80b055d8dd1/images/88e8d85e-d8bd-483e-a0c8-d59857f6d2f5.html]
[mailchi.mp/26ffb0a0fe6d/epiphany.com.html]
